2566-03-19 15:54:19,740 [Worker-2: Loading available Gradle versions] INFO  o.e.b.c.i.u.g.PublishedGradleVersions - Gradle version information cache is out-of-date. Trying to update.
2566-03-19 16:17:42,900 [Worker-25: Enabling Maven Dependency Management] INFO  o.e.m.c.i.l.LifecycleMappingFactory - Using org.eclipse.m2e.jdt.JarLifecycleMapping lifecycle mapping for MavenProject: TestDate:TestDate:0.0.1-SNAPSHOT @ D:\DATA\งานมหาลัย\ปี 2 เทอม 2\การตรวจสอบและทวนสอบซอฟต์แวร์\งาน\Get Day Name From Date  (Show Error) (แบบselenium)\TestDate\pom.xml.
2566-03-19 16:17:45,884 [Worker-27: Building] WARN  o.e.m.c.i.embedder.EclipseLogger - Using platform encoding (MS874 actually) to copy filtered resources, i.e. build is platform dependent!
2566-03-19 16:17:45,899 [Worker-27: Building] INFO  o.e.m.c.i.embedder.EclipseLogger - skip non existing resourceDirectory D:\DATA\งานมหาลัย\ปี 2 เทอม 2\การตรวจสอบและทวนสอบซอฟต์แวร์\งาน\Get Day Name From Date  (Show Error) (แบบselenium)\TestDate\src\main\resources
2566-03-19 16:17:45,904 [Worker-27: Building] WARN  o.e.m.c.i.embedder.EclipseLogger - Using platform encoding (MS874 actually) to copy filtered resources, i.e. build is platform dependent!
2566-03-19 16:17:45,906 [Worker-27: Building] INFO  o.e.m.c.i.embedder.EclipseLogger - skip non existing resourceDirectory D:\DATA\งานมหาลัย\ปี 2 เทอม 2\การตรวจสอบและทวนสอบซอฟต์แวร์\งาน\Get Day Name From Date  (Show Error) (แบบselenium)\TestDate\src\test\resources
2566-03-19 16:17:46,331 [Worker-25: Enabling Maven Dependency Management] INFO  o.e.m.j.i.AbstractJavaProjectConfigurator - Adding source folder /TestDate/src
2566-03-19 16:17:46,332 [Worker-25: Enabling Maven Dependency Management] INFO  o.e.m.j.i.AbstractJavaProjectConfigurator - Not adding source folder /TestDate/src/test/java because it overlaps with /TestDate/src
2566-03-19 16:17:46,587 [Worker-25: Enabling Maven Dependency Management] INFO  o.e.m.c.i.p.ProjectConfigurationManager - Update started
2566-03-19 16:17:47,110 [Worker-25: Enabling Maven Dependency Management] INFO  o.e.m.c.i.l.LifecycleMappingFactory - Using org.eclipse.m2e.jdt.JarLifecycleMapping lifecycle mapping for MavenProject: TestDate:TestDate:0.0.1-SNAPSHOT @ D:\DATA\งานมหาลัย\ปี 2 เทอม 2\การตรวจสอบและทวนสอบซอฟต์แวร์\งาน\Get Day Name From Date  (Show Error) (แบบselenium)\TestDate\pom.xml.
2566-03-19 16:17:47,458 [Worker-28: Building] WARN  o.e.m.c.i.embedder.EclipseLogger - Using platform encoding (MS874 actually) to copy filtered resources, i.e. build is platform dependent!
2566-03-19 16:17:47,460 [Worker-28: Building] INFO  o.e.m.c.i.embedder.EclipseLogger - skip non existing resourceDirectory D:\DATA\งานมหาลัย\ปี 2 เทอม 2\การตรวจสอบและทวนสอบซอฟต์แวร์\งาน\Get Day Name From Date  (Show Error) (แบบselenium)\TestDate\src\main\resources
2566-03-19 16:17:47,467 [Worker-28: Building] WARN  o.e.m.c.i.embedder.EclipseLogger - Using platform encoding (MS874 actually) to copy filtered resources, i.e. build is platform dependent!
2566-03-19 16:17:47,468 [Worker-28: Building] INFO  o.e.m.c.i.embedder.EclipseLogger - skip non existing resourceDirectory D:\DATA\งานมหาลัย\ปี 2 เทอม 2\การตรวจสอบและทวนสอบซอฟต์แวร์\งาน\Get Day Name From Date  (Show Error) (แบบselenium)\TestDate\src\test\resources
2566-03-19 16:17:47,827 [Worker-25: Enabling Maven Dependency Management] INFO  o.e.m.j.i.AbstractJavaProjectConfigurator - Adding source folder /TestDate/src
2566-03-19 16:17:47,828 [Worker-25: Enabling Maven Dependency Management] INFO  o.e.m.j.i.AbstractJavaProjectConfigurator - Not adding source folder /TestDate/src/test/java because it overlaps with /TestDate/src
2566-03-19 16:17:47,896 [Worker-25: Enabling Maven Dependency Management] INFO  o.e.m.c.i.p.ProjectConfigurationManager - Update completed: 1 sec
2566-03-19 16:17:48,868 [Worker-25: Building] WARN  o.e.m.c.i.embedder.EclipseLogger - Using platform encoding (MS874 actually) to copy filtered resources, i.e. build is platform dependent!
2566-03-19 16:17:48,870 [Worker-25: Building] INFO  o.e.m.c.i.embedder.EclipseLogger - skip non existing resourceDirectory D:\DATA\งานมหาลัย\ปี 2 เทอม 2\การตรวจสอบและทวนสอบซอฟต์แวร์\งาน\Get Day Name From Date  (Show Error) (แบบselenium)\TestDate\src\main\resources
2566-03-19 16:17:48,874 [Worker-25: Building] WARN  o.e.m.c.i.embedder.EclipseLogger - Using platform encoding (MS874 actually) to copy filtered resources, i.e. build is platform dependent!
2566-03-19 16:17:48,875 [Worker-25: Building] INFO  o.e.m.c.i.embedder.EclipseLogger - skip non existing resourceDirectory D:\DATA\งานมหาลัย\ปี 2 เทอม 2\การตรวจสอบและทวนสอบซอฟต์แวร์\งาน\Get Day Name From Date  (Show Error) (แบบselenium)\TestDate\src\test\resources
2566-03-19 16:24:14,867 [Worker-29: Building] INFO  o.e.m.c.i.l.LifecycleMappingFactory - Using org.eclipse.m2e.jdt.JarLifecycleMapping lifecycle mapping for MavenProject: TestDate:TestDate:0.0.1-SNAPSHOT @ D:\DATA\งานมหาลัย\ปี 2 เทอม 2\การตรวจสอบและทวนสอบซอฟต์แวร์\งาน\Get Day Name From Date  (Show Error) (แบบselenium)\TestDate\pom.xml.
2566-03-19 16:24:17,033 [Worker-29: Building] WARN  o.e.m.c.i.embedder.EclipseLogger - Using platform encoding (MS874 actually) to copy filtered resources, i.e. build is platform dependent!
2566-03-19 16:24:17,034 [Worker-29: Building] INFO  o.e.m.c.i.embedder.EclipseLogger - skip non existing resourceDirectory D:\DATA\งานมหาลัย\ปี 2 เทอม 2\การตรวจสอบและทวนสอบซอฟต์แวร์\งาน\Get Day Name From Date  (Show Error) (แบบselenium)\TestDate\src\main\resources
2566-03-19 16:24:17,039 [Worker-29: Building] WARN  o.e.m.c.i.embedder.EclipseLogger - Using platform encoding (MS874 actually) to copy filtered resources, i.e. build is platform dependent!
2566-03-19 16:24:17,041 [Worker-29: Building] INFO  o.e.m.c.i.embedder.EclipseLogger - skip non existing resourceDirectory D:\DATA\งานมหาลัย\ปี 2 เทอม 2\การตรวจสอบและทวนสอบซอฟต์แวร์\งาน\Get Day Name From Date  (Show Error) (แบบselenium)\TestDate\src\test\resources
2566-03-19 16:24:18,575 [Worker-8: Building] WARN  o.e.m.c.i.embedder.EclipseLogger - Using platform encoding (MS874 actually) to copy filtered resources, i.e. build is platform dependent!
2566-03-19 16:24:18,576 [Worker-8: Building] INFO  o.e.m.c.i.embedder.EclipseLogger - skip non existing resourceDirectory D:\DATA\งานมหาลัย\ปี 2 เทอม 2\การตรวจสอบและทวนสอบซอฟต์แวร์\งาน\Get Day Name From Date  (Show Error) (แบบselenium)\TestDate\src\main\resources
2566-03-19 16:24:18,579 [Worker-8: Building] WARN  o.e.m.c.i.embedder.EclipseLogger - Using platform encoding (MS874 actually) to copy filtered resources, i.e. build is platform dependent!
2566-03-19 16:24:18,581 [Worker-8: Building] INFO  o.e.m.c.i.embedder.EclipseLogger - skip non existing resourceDirectory D:\DATA\งานมหาลัย\ปี 2 เทอม 2\การตรวจสอบและทวนสอบซอฟต์แวร์\งาน\Get Day Name From Date  (Show Error) (แบบselenium)\TestDate\src\test\resources
2566-03-19 16:30:17,901 [Worker-30: Building] WARN  o.e.m.c.i.embedder.EclipseLogger - Using platform encoding (MS874 actually) to copy filtered resources, i.e. build is platform dependent!
2566-03-19 16:30:17,903 [Worker-30: Building] INFO  o.e.m.c.i.embedder.EclipseLogger - skip non existing resourceDirectory D:\DATA\งานมหาลัย\ปี 2 เทอม 2\การตรวจสอบและทวนสอบซอฟต์แวร์\งาน\Get Day Name From Date  (Show Error) (แบบselenium)\TestDate\src\main\resources
2566-03-19 16:30:17,908 [Worker-30: Building] WARN  o.e.m.c.i.embedder.EclipseLogger - Using platform encoding (MS874 actually) to copy filtered resources, i.e. build is platform dependent!
2566-03-19 16:30:17,910 [Worker-30: Building] INFO  o.e.m.c.i.embedder.EclipseLogger - skip non existing resourceDirectory D:\DATA\งานมหาลัย\ปี 2 เทอม 2\การตรวจสอบและทวนสอบซอฟต์แวร์\งาน\Get Day Name From Date  (Show Error) (แบบselenium)\TestDate\src\test\resources
2566-03-19 16:31:13,311 [Worker-32: Building] WARN  o.e.m.c.i.embedder.EclipseLogger - Using platform encoding (MS874 actually) to copy filtered resources, i.e. build is platform dependent!
2566-03-19 16:31:13,313 [Worker-32: Building] INFO  o.e.m.c.i.embedder.EclipseLogger - skip non existing resourceDirectory D:\DATA\งานมหาลัย\ปี 2 เทอม 2\การตรวจสอบและทวนสอบซอฟต์แวร์\งาน\Get Day Name From Date  (Show Error) (แบบselenium)\TestDate\src\main\resources
2566-03-19 16:31:13,318 [Worker-32: Building] WARN  o.e.m.c.i.embedder.EclipseLogger - Using platform encoding (MS874 actually) to copy filtered resources, i.e. build is platform dependent!
2566-03-19 16:31:13,320 [Worker-32: Building] INFO  o.e.m.c.i.embedder.EclipseLogger - skip non existing resourceDirectory D:\DATA\งานมหาลัย\ปี 2 เทอม 2\การตรวจสอบและทวนสอบซอฟต์แวร์\งาน\Get Day Name From Date  (Show Error) (แบบselenium)\TestDate\src\test\resources
2566-03-19 16:31:48,187 [Worker-25: Building] WARN  o.e.m.c.i.embedder.EclipseLogger - Using platform encoding (MS874 actually) to copy filtered resources, i.e. build is platform dependent!
2566-03-19 16:31:48,188 [Worker-25: Building] INFO  o.e.m.c.i.embedder.EclipseLogger - skip non existing resourceDirectory D:\DATA\งานมหาลัย\ปี 2 เทอม 2\การตรวจสอบและทวนสอบซอฟต์แวร์\งาน\Get Day Name From Date  (Show Error) (แบบselenium)\TestDate\src\main\resources
2566-03-19 16:31:48,193 [Worker-25: Building] WARN  o.e.m.c.i.embedder.EclipseLogger - Using platform encoding (MS874 actually) to copy filtered resources, i.e. build is platform dependent!
2566-03-19 16:31:48,194 [Worker-25: Building] INFO  o.e.m.c.i.embedder.EclipseLogger - skip non existing resourceDirectory D:\DATA\งานมหาลัย\ปี 2 เทอม 2\การตรวจสอบและทวนสอบซอฟต์แวร์\งาน\Get Day Name From Date  (Show Error) (แบบselenium)\TestDate\src\test\resources
2566-03-19 16:35:05,790 [Worker-35: Building] WARN  o.e.m.c.i.embedder.EclipseLogger - Using platform encoding (MS874 actually) to copy filtered resources, i.e. build is platform dependent!
2566-03-19 16:35:05,791 [Worker-35: Building] INFO  o.e.m.c.i.embedder.EclipseLogger - skip non existing resourceDirectory D:\DATA\งานมหาลัย\ปี 2 เทอม 2\การตรวจสอบและทวนสอบซอฟต์แวร์\งาน\Get Day Name From Date  (Show Error) (แบบselenium)\TestDate\src\main\resources
2566-03-19 16:35:05,795 [Worker-35: Building] WARN  o.e.m.c.i.embedder.EclipseLogger - Using platform encoding (MS874 actually) to copy filtered resources, i.e. build is platform dependent!
2566-03-19 16:35:05,796 [Worker-35: Building] INFO  o.e.m.c.i.embedder.EclipseLogger - skip non existing resourceDirectory D:\DATA\งานมหาลัย\ปี 2 เทอม 2\การตรวจสอบและทวนสอบซอฟต์แวร์\งาน\Get Day Name From Date  (Show Error) (แบบselenium)\TestDate\src\test\resources
2566-03-19 16:35:50,466 [Worker-38: Building] WARN  o.e.m.c.i.embedder.EclipseLogger - Using platform encoding (MS874 actually) to copy filtered resources, i.e. build is platform dependent!
2566-03-19 16:35:50,468 [Worker-38: Building] INFO  o.e.m.c.i.embedder.EclipseLogger - skip non existing resourceDirectory D:\DATA\งานมหาลัย\ปี 2 เทอม 2\การตรวจสอบและทวนสอบซอฟต์แวร์\งาน\Get Day Name From Date  (Show Error) (แบบselenium)\TestDate\src\main\resources
2566-03-19 16:35:50,471 [Worker-38: Building] WARN  o.e.m.c.i.embedder.EclipseLogger - Using platform encoding (MS874 actually) to copy filtered resources, i.e. build is platform dependent!
2566-03-19 16:35:50,473 [Worker-38: Building] INFO  o.e.m.c.i.embedder.EclipseLogger - skip non existing resourceDirectory D:\DATA\งานมหาลัย\ปี 2 เทอม 2\การตรวจสอบและทวนสอบซอฟต์แวร์\งาน\Get Day Name From Date  (Show Error) (แบบselenium)\TestDate\src\test\resources
2566-03-19 16:36:39,790 [Worker-37: Building] WARN  o.e.m.c.i.embedder.EclipseLogger - Using platform encoding (MS874 actually) to copy filtered resources, i.e. build is platform dependent!
2566-03-19 16:36:39,792 [Worker-37: Building] INFO  o.e.m.c.i.embedder.EclipseLogger - skip non existing resourceDirectory D:\DATA\งานมหาลัย\ปี 2 เทอม 2\การตรวจสอบและทวนสอบซอฟต์แวร์\งาน\Get Day Name From Date  (Show Error) (แบบselenium)\TestDate\src\main\resources
2566-03-19 16:36:39,797 [Worker-37: Building] WARN  o.e.m.c.i.embedder.EclipseLogger - Using platform encoding (MS874 actually) to copy filtered resources, i.e. build is platform dependent!
2566-03-19 16:36:39,798 [Worker-37: Building] INFO  o.e.m.c.i.embedder.EclipseLogger - skip non existing resourceDirectory D:\DATA\งานมหาลัย\ปี 2 เทอม 2\การตรวจสอบและทวนสอบซอฟต์แวร์\งาน\Get Day Name From Date  (Show Error) (แบบselenium)\TestDate\src\test\resources
2566-03-19 16:37:25,078 [Worker-37: Building] WARN  o.e.m.c.i.embedder.EclipseLogger - Using platform encoding (MS874 actually) to copy filtered resources, i.e. build is platform dependent!
2566-03-19 16:37:25,079 [Worker-37: Building] INFO  o.e.m.c.i.embedder.EclipseLogger - skip non existing resourceDirectory D:\DATA\งานมหาลัย\ปี 2 เทอม 2\การตรวจสอบและทวนสอบซอฟต์แวร์\งาน\Get Day Name From Date  (Show Error) (แบบselenium)\TestDate\src\main\resources
2566-03-19 16:37:25,082 [Worker-37: Building] WARN  o.e.m.c.i.embedder.EclipseLogger - Using platform encoding (MS874 actually) to copy filtered resources, i.e. build is platform dependent!
2566-03-19 16:37:25,084 [Worker-37: Building] INFO  o.e.m.c.i.embedder.EclipseLogger - skip non existing resourceDirectory D:\DATA\งานมหาลัย\ปี 2 เทอม 2\การตรวจสอบและทวนสอบซอฟต์แวร์\งาน\Get Day Name From Date  (Show Error) (แบบselenium)\TestDate\src\test\resources
2566-03-19 16:39:12,852 [Worker-31: Building] WARN  o.e.m.c.i.embedder.EclipseLogger - Using platform encoding (MS874 actually) to copy filtered resources, i.e. build is platform dependent!
2566-03-19 16:39:12,853 [Worker-31: Building] INFO  o.e.m.c.i.embedder.EclipseLogger - skip non existing resourceDirectory D:\DATA\งานมหาลัย\ปี 2 เทอม 2\การตรวจสอบและทวนสอบซอฟต์แวร์\งาน\Get Day Name From Date  (Show Error) (แบบselenium)\TestDate\src\main\resources
2566-03-19 16:39:12,856 [Worker-31: Building] WARN  o.e.m.c.i.embedder.EclipseLogger - Using platform encoding (MS874 actually) to copy filtered resources, i.e. build is platform dependent!
2566-03-19 16:39:12,858 [Worker-31: Building] INFO  o.e.m.c.i.embedder.EclipseLogger - skip non existing resourceDirectory D:\DATA\งานมหาลัย\ปี 2 เทอม 2\การตรวจสอบและทวนสอบซอฟต์แวร์\งาน\Get Day Name From Date  (Show Error) (แบบselenium)\TestDate\src\test\resources
2566-03-19 16:40:06,274 [Worker-31: Building] WARN  o.e.m.c.i.embedder.EclipseLogger - Using platform encoding (MS874 actually) to copy filtered resources, i.e. build is platform dependent!
2566-03-19 16:40:06,275 [Worker-31: Building] INFO  o.e.m.c.i.embedder.EclipseLogger - skip non existing resourceDirectory D:\DATA\งานมหาลัย\ปี 2 เทอม 2\การตรวจสอบและทวนสอบซอฟต์แวร์\งาน\Get Day Name From Date  (Show Error) (แบบselenium)\TestDate\src\main\resources
2566-03-19 16:40:06,279 [Worker-31: Building] WARN  o.e.m.c.i.embedder.EclipseLogger - Using platform encoding (MS874 actually) to copy filtered resources, i.e. build is platform dependent!
2566-03-19 16:40:06,280 [Worker-31: Building] INFO  o.e.m.c.i.embedder.EclipseLogger - skip non existing resourceDirectory D:\DATA\งานมหาลัย\ปี 2 เทอม 2\การตรวจสอบและทวนสอบซอฟต์แวร์\งาน\Get Day Name From Date  (Show Error) (แบบselenium)\TestDate\src\test\resources
2566-03-19 16:41:55,302 [Worker-35: Building] WARN  o.e.m.c.i.embedder.EclipseLogger - Using platform encoding (MS874 actually) to copy filtered resources, i.e. build is platform dependent!
2566-03-19 16:41:55,303 [Worker-35: Building] INFO  o.e.m.c.i.embedder.EclipseLogger - skip non existing resourceDirectory D:\DATA\งานมหาลัย\ปี 2 เทอม 2\การตรวจสอบและทวนสอบซอฟต์แวร์\งาน\Get Day Name From Date  (Show Error) (แบบselenium)\TestDate\src\main\resources
2566-03-19 16:41:55,307 [Worker-35: Building] WARN  o.e.m.c.i.embedder.EclipseLogger - Using platform encoding (MS874 actually) to copy filtered resources, i.e. build is platform dependent!
2566-03-19 16:41:55,308 [Worker-35: Building] INFO  o.e.m.c.i.embedder.EclipseLogger - skip non existing resourceDirectory D:\DATA\งานมหาลัย\ปี 2 เทอม 2\การตรวจสอบและทวนสอบซอฟต์แวร์\งาน\Get Day Name From Date  (Show Error) (แบบselenium)\TestDate\src\test\resources
2566-03-19 16:42:13,677 [Worker-38: Building] WARN  o.e.m.c.i.embedder.EclipseLogger - Using platform encoding (MS874 actually) to copy filtered resources, i.e. build is platform dependent!
2566-03-19 16:42:13,679 [Worker-38: Building] INFO  o.e.m.c.i.embedder.EclipseLogger - skip non existing resourceDirectory D:\DATA\งานมหาลัย\ปี 2 เทอม 2\การตรวจสอบและทวนสอบซอฟต์แวร์\งาน\Get Day Name From Date  (Show Error) (แบบselenium)\TestDate\src\main\resources
2566-03-19 16:42:13,683 [Worker-38: Building] WARN  o.e.m.c.i.embedder.EclipseLogger - Using platform encoding (MS874 actually) to copy filtered resources, i.e. build is platform dependent!
2566-03-19 16:42:13,684 [Worker-38: Building] INFO  o.e.m.c.i.embedder.EclipseLogger - skip non existing resourceDirectory D:\DATA\งานมหาลัย\ปี 2 เทอม 2\การตรวจสอบและทวนสอบซอฟต์แวร์\งาน\Get Day Name From Date  (Show Error) (แบบselenium)\TestDate\src\test\resources
2566-03-19 16:47:26,120 [Worker-40: Building] WARN  o.e.m.c.i.embedder.EclipseLogger - Using platform encoding (MS874 actually) to copy filtered resources, i.e. build is platform dependent!
2566-03-19 16:47:26,121 [Worker-40: Building] INFO  o.e.m.c.i.embedder.EclipseLogger - skip non existing resourceDirectory D:\DATA\งานมหาลัย\ปี 2 เทอม 2\การตรวจสอบและทวนสอบซอฟต์แวร์\งาน\Get Day Name From Date  (Show Error) (แบบselenium)\TestDate\src\main\resources
2566-03-19 16:47:26,125 [Worker-40: Building] WARN  o.e.m.c.i.embedder.EclipseLogger - Using platform encoding (MS874 actually) to copy filtered resources, i.e. build is platform dependent!
2566-03-19 16:47:26,126 [Worker-40: Building] INFO  o.e.m.c.i.embedder.EclipseLogger - skip non existing resourceDirectory D:\DATA\งานมหาลัย\ปี 2 เทอม 2\การตรวจสอบและทวนสอบซอฟต์แวร์\งาน\Get Day Name From Date  (Show Error) (แบบselenium)\TestDate\src\test\resources
2566-03-19 16:48:22,637 [Worker-35: Building] WARN  o.e.m.c.i.embedder.EclipseLogger - Using platform encoding (MS874 actually) to copy filtered resources, i.e. build is platform dependent!
2566-03-19 16:48:22,638 [Worker-35: Building] INFO  o.e.m.c.i.embedder.EclipseLogger - skip non existing resourceDirectory D:\DATA\งานมหาลัย\ปี 2 เทอม 2\การตรวจสอบและทวนสอบซอฟต์แวร์\งาน\Get Day Name From Date  (Show Error) (แบบselenium)\TestDate\src\main\resources
2566-03-19 16:48:22,641 [Worker-35: Building] WARN  o.e.m.c.i.embedder.EclipseLogger - Using platform encoding (MS874 actually) to copy filtered resources, i.e. build is platform dependent!
2566-03-19 16:48:22,642 [Worker-35: Building] INFO  o.e.m.c.i.embedder.EclipseLogger - skip non existing resourceDirectory D:\DATA\งานมหาลัย\ปี 2 เทอม 2\การตรวจสอบและทวนสอบซอฟต์แวร์\งาน\Get Day Name From Date  (Show Error) (แบบselenium)\TestDate\src\test\resources
